[DEBUG][2017-02-07 11:30:13.184] SpringJUnit4ClassRunner constructor called with [class com.mark.test.TestDB] 
[DEBUG][2017-02-07 11:30:13.186] Instantiating CacheAwareContextLoaderDelegate from class [org.springframework.test.context.cache.DefaultCacheAwareContextLoaderDelegate] 
[DEBUG][2017-02-07 11:30:13.192] Instantiating BootstrapContext using constructor [public org.springframework.test.context.support.DefaultBootstrapContext(java.lang.Class,org.springframework.test.context.CacheAwareContextLoaderDelegate)] 
[DEBUG][2017-02-07 11:30:13.199] Instantiating TestContextBootstrapper for test class [com.mark.test.TestDB] from class [org.springframework.test.context.support.DefaultTestContextBootstrapper] 
[DEBUG][2017-02-07 11:30:13.220] Delegating to GenericXmlContextLoader to process context configuration [ContextConfigurationAttributes@3f17d8d5 declaringClass = 'com.mark.test.TestDB', classes = '{}', locations = '{classpath:applicationContext.xml}', inheritLocations = true, initializers = '{}', inheritInitializers = true, name = [null], contextLoaderClass = 'org.springframework.test.context.ContextLoader']. 
[DEBUG][2017-02-07 11:30:13.231] Could not find an 'annotation declaring class' for annotation type [org.springframework.test.context.ActiveProfiles] and class [com.mark.test.TestDB] 
[DEBUG][2017-02-07 11:30:13.232] @TestExecutionListeners is not present for class [com.mark.test.TestDB]: using defaults. 
[INFO][2017-02-07 11:30:13.233] Loaded default TestExecutionListener class names from location [META-INF/spring.factories]: [org.springframework.test.context.web.ServletTestExecutionListener, org.springframework.test.context.support.DirtiesContextBeforeModesTestExecutionListener, org.springframework.test.context.support.DependencyInjectionTestExecutionListener, org.springframework.test.context.support.DirtiesContextTestExecutionListener, org.springframework.test.context.transaction.TransactionalTestExecutionListener, org.springframework.test.context.jdbc.SqlScriptsTestExecutionListener] 
[INFO][2017-02-07 11:30:13.243] Could not instantiate TestExecutionListener [org.springframework.test.context.web.ServletTestExecutionListener]. Specify custom listener classes or make the default listener classes (and their required dependencies) available. Offending class: [javax/servlet/ServletContext] 
[INFO][2017-02-07 11:30:13.244] Using TestExecutionListeners: [org.springframework.test.context.support.DirtiesContextBeforeModesTestExecutionListener@73d74138, org.springframework.test.context.support.DependencyInjectionTestExecutionListener@38fafef2, org.springframework.test.context.support.DirtiesContextTestExecutionListener@6677df17, org.springframework.test.context.transaction.TransactionalTestExecutionListener@47d7938f, org.springframework.test.context.jdbc.SqlScriptsTestExecutionListener@1a18b622] 
[DEBUG][2017-02-07 11:30:13.245] Retrieved @ProfileValueSourceConfiguration [null] for test class [com.mark.test.TestDB] 
[DEBUG][2017-02-07 11:30:13.246] Retrieved ProfileValueSource type [class org.springframework.test.annotation.SystemProfileValueSource] for class [com.mark.test.TestDB] 
[DEBUG][2017-02-07 11:30:13.254] Retrieved @ProfileValueSourceConfiguration [null] for test class [com.mark.test.TestDB] 
[DEBUG][2017-02-07 11:30:13.254] Retrieved ProfileValueSource type [class org.springframework.test.annotation.SystemProfileValueSource] for class [com.mark.test.TestDB] 
[DEBUG][2017-02-07 11:30:13.256] Retrieved @ProfileValueSourceConfiguration [null] for test class [com.mark.test.TestDB] 
[DEBUG][2017-02-07 11:30:13.256] Retrieved ProfileValueSource type [class org.springframework.test.annotation.SystemProfileValueSource] for class [com.mark.test.TestDB] 
[DEBUG][2017-02-07 11:30:13.256] Retrieved @ProfileValueSourceConfiguration [null] for test class [com.mark.test.TestDB] 
[DEBUG][2017-02-07 11:30:13.256] Retrieved ProfileValueSource type [class org.springframework.test.annotation.SystemProfileValueSource] for class [com.mark.test.TestDB] 
[DEBUG][2017-02-07 11:30:13.258] Before test class: context [DefaultTestContext@3ddca028 testClass = TestDB, testInstance = [null], testMethod = [null], testException = [null], mergedContextConfiguration = [MergedContextConfiguration@5f96c1d2 testClass = TestDB, locations = '{classpath:applicationContext.xml}', classes = '{}', contextInitializerClasses = '[]', activeProfiles = '{}', propertySourceLocations = '{}', propertySourceProperties = '{}', contextCustomizers = set[[empty]], contextLoader = 'org.springframework.test.context.support.DelegatingSmartContextLoader', parent = [null]]], class annotated with @DirtiesContext [false] with mode [null]. 
[DEBUG][2017-02-07 11:30:13.258] Retrieved @ProfileValueSourceConfiguration [null] for test class [com.mark.test.TestDB] 
[DEBUG][2017-02-07 11:30:13.258] Retrieved ProfileValueSource type [class org.springframework.test.annotation.SystemProfileValueSource] for class [com.mark.test.TestDB] 
[DEBUG][2017-02-07 11:30:13.264] Performing dependency injection for test context [[DefaultTestContext@3ddca028 testClass = TestDB, testInstance = com.mark.test.TestDB@6e983d8d, testMethod = [null], testException = [null], mergedContextConfiguration = [MergedContextConfiguration@5f96c1d2 testClass = TestDB, locations = '{classpath:applicationContext.xml}', classes = '{}', contextInitializerClasses = '[]', activeProfiles = '{}', propertySourceLocations = '{}', propertySourceProperties = '{}', contextCustomizers = set[[empty]], contextLoader = 'org.springframework.test.context.support.DelegatingSmartContextLoader', parent = [null]]]]. 
[DEBUG][2017-02-07 11:30:13.264] Delegating to GenericXmlContextLoader to load context from [MergedContextConfiguration@5f96c1d2 testClass = TestDB, locations = '{classpath:applicationContext.xml}', classes = '{}', contextInitializerClasses = '[]', activeProfiles = '{}', propertySourceLocations = '{}', propertySourceProperties = '{}', contextCustomizers = set[[empty]], contextLoader = 'org.springframework.test.context.support.DelegatingSmartContextLoader', parent = [null]]. 
[DEBUG][2017-02-07 11:30:13.265] Loading ApplicationContext for merged context configuration [[MergedContextConfiguration@5f96c1d2 testClass = TestDB, locations = '{classpath:applicationContext.xml}', classes = '{}', contextInitializerClasses = '[]', activeProfiles = '{}', propertySourceLocations = '{}', propertySourceProperties = '{}', contextCustomizers = set[[empty]], contextLoader = 'org.springframework.test.context.support.DelegatingSmartContextLoader', parent = [null]]]. 
[DEBUG][2017-02-07 11:30:13.326] Adding [systemProperties] PropertySource with lowest search precedence 
[DEBUG][2017-02-07 11:30:13.335] Adding [systemEnvironment] PropertySource with lowest search precedence 
[DEBUG][2017-02-07 11:30:13.336] Initialized StandardEnvironment with PropertySources [systemProperties,systemEnvironment] 
[INFO][2017-02-07 11:30:13.343] Loading XML bean definitions from class path resource [applicationContext.xml] 
[DEBUG][2017-02-07 11:30:13.355] Using JAXP provider [com.sun.org.apache.xerces.internal.jaxp.DocumentBuilderFactoryImpl] 
[DEBUG][2017-02-07 11:30:13.375] Loading schema mappings from [META-INF/spring.schemas] 
[DEBUG][2017-02-07 11:30:13.378] Loaded schema mappings: {http://www.springframework.org/schema/tx/spring-tx-4.3.xsd=org/springframework/transaction/config/spring-tx-4.3.xsd, http://www.springframework.org/schema/tx/spring-tx-2.5.xsd=org/springframework/transaction/config/spring-tx-2.5.xsd, http://www.springframework.org/schema/cache/spring-cache-4.2.xsd=org/springframework/cache/config/spring-cache-4.2.xsd, http://www.springframework.org/schema/aop/spring-aop-4.1.xsd=org/springframework/aop/config/spring-aop-4.1.xsd, http://www.springframework.org/schema/context/spring-context-3.1.xsd=org/springframework/context/config/spring-context-3.1.xsd, http://www.springframework.org/schema/jdbc/spring-jdbc-4.1.xsd=org/springframework/jdbc/config/spring-jdbc-4.1.xsd, http://www.springframework.org/schema/mvc/spring-mvc-4.1.xsd=org/springframework/web/servlet/config/spring-mvc-4.1.xsd, http://www.springframework.org/schema/util/spring-util-3.0.xsd=org/springframework/beans/factory/xml/spring-util-3.0.xsd, http://www.springframework.org/schema/tool/spring-tool.xsd=org/springframework/beans/factory/xml/spring-tool-4.3.xsd, http://www.springframework.org/schema/aop/spring-aop-3.2.xsd=org/springframework/aop/config/spring-aop-3.2.xsd, http://www.springframework.org/schema/lang/spring-lang-4.1.xsd=org/springframework/scripting/config/spring-lang-4.1.xsd, http://www.springframework.org/schema/context/spring-context-4.0.xsd=org/springframework/context/config/spring-context-4.0.xsd, http://www.springframework.org/schema/mvc/spring-mvc-3.2.xsd=org/springframework/web/servlet/config/spring-mvc-3.2.xsd, http://www.springframework.org/schema/beans/spring-beans-4.2.xsd=org/springframework/beans/factory/xml/spring-beans-4.2.xsd, http://www.springframework.org/schema/tool/spring-tool-4.1.xsd=org/springframework/beans/factory/xml/spring-tool-4.1.xsd, http://www.springframework.org/schema/lang/spring-lang-3.2.xsd=org/springframework/scripting/config/spring-lang-3.2.xsd, http://www.springframework.org/schema/cache/spring-cache-3.2.xsd=org/springframework/cache/config/spring-cache-3.2.xsd, http://www.springframework.org/schema/jee/spring-jee-4.1.xsd=org/springframework/ejb/config/spring-jee-4.1.xsd, http://www.springframework.org/schema/jdbc/spring-jdbc-3.1.xsd=org/springframework/jdbc/config/spring-jdbc-3.1.xsd, http://www.springframework.org/schema/util/spring-util-2.0.xsd=org/springframework/beans/factory/xml/spring-util-2.0.xsd, http://www.springframework.org/schema/task/spring-task-4.2.xsd=org/springframework/scheduling/config/spring-task-4.2.xsd, http://www.springframework.org/schema/tool/spring-tool-3.2.xsd=org/springframework/beans/factory/xml/spring-tool-3.2.xsd, http://www.springframework.org/schema/context/spring-context.xsd=org/springframework/context/config/spring-context-4.3.xsd, http://www.springframework.org/schema/tx/spring-tx-4.2.xsd=org/springframework/transaction/config/spring-tx-4.2.xsd, http://www.springframework.org/schema/cache/spring-cache-4.1.xsd=org/springframework/cache/config/spring-cache-4.1.xsd, http://www.springframework.org/schema/aop/spring-aop-4.0.xsd=org/springframework/aop/config/spring-aop-4.0.xsd, http://www.springframework.org/schema/jee/spring-jee-3.2.xsd=org/springframework/ejb/config/spring-jee-3.2.xsd, http://www.springframework.org/schema/context/spring-context-3.0.xsd=org/springframework/context/config/spring-context-3.0.xsd, http://www.springframework.org/schema/jdbc/spring-jdbc-4.0.xsd=org/springframework/jdbc/config/spring-jdbc-4.0.xsd, http://www.springframework.org/schema/mvc/spring-mvc-4.0.xsd=org/springframework/web/servlet/config/spring-mvc-4.0.xsd, http://www.springframework.org/schema/util/spring-util-4.3.xsd=org/springframework/beans/factory/xml/spring-util-4.3.xsd, http://www.springframework.org/schema/util/spring-util-2.5.xsd=org/springframework/beans/factory/xml/spring-util-2.5.xsd, http://www.springframework.org/schema/beans/spring-beans-3.2.xsd=org/springframework/beans/factory/xml/spring-beans-3.2.xsd, http://www.springframework.org/schema/aop/spring-aop-3.1.xsd=org/springframework/aop/config/spring-aop-3.1.xsd, http://www.springframework.org/schema/lang/spring-lang-4.0.xsd=org/springframework/scripting/config/spring-lang-4.0.xsd, http://www.springframework.org/schema/mvc/spring-mvc.xsd=org/springframework/web/servlet/config/spring-mvc-4.3.xsd, http://www.springframework.org/schema/mvc/spring-mvc-3.1.xsd=org/springframework/web/servlet/config/spring-mvc-3.1.xsd, http://www.springframework.org/schema/beans/spring-beans-4.1.xsd=org/springframework/beans/factory/xml/spring-beans-4.1.xsd, http://www.springframework.org/schema/tool/spring-tool-4.0.xsd=org/springframework/beans/factory/xml/spring-tool-4.0.xsd, http://www.springframework.org/schema/tx/spring-tx-3.2.xsd=org/springframework/transaction/config/spring-tx-3.2.xsd, http://www.springframework.org/schema/lang/spring-lang-3.1.xsd=org/springframework/scripting/config/spring-lang-3.1.xsd, http://www.springframework.org/schema/cache/spring-cache-3.1.xsd=org/springframework/cache/config/spring-cache-3.1.xsd, http://www.springframework.org/schema/jee/spring-jee-4.0.xsd=org/springframework/ejb/config/spring-jee-4.0.xsd, http://www.springframework.org/schema/jdbc/spring-jdbc-3.0.xsd=org/springframework/jdbc/config/spring-jdbc-3.0.xsd, http://www.springframework.org/schema/task/spring-task-4.1.xsd=org/springframework/scheduling/config/spring-task-4.1.xsd, http://www.springframework.org/schema/jdbc/spring-jdbc.xsd=org/springframework/jdbc/config/spring-jdbc-4.3.xsd, http://www.springframework.org/schema/tool/spring-tool-3.1.xsd=org/springframework/beans/factory/xml/spring-tool-3.1.xsd, http://www.springframework.org/schema/tx/spring-tx-4.1.xsd=org/springframework/transaction/config/spring-tx-4.1.xsd, http://www.springframework.org/schema/cache/spring-cache-4.0.xsd=org/springframework/cache/config/spring-cache-4.0.xsd, http://www.springframework.org/schema/jee/spring-jee-3.1.xsd=org/springframework/ejb/config/spring-jee-3.1.xsd, http://www.springframework.org/schema/util/spring-util-4.2.xsd=org/springframework/beans/factory/xml/spring-util-4.2.xsd, http://www.springframework.org/schema/task/spring-task-3.2.xsd=org/springframework/scheduling/config/spring-task-3.2.xsd, http://www.springframework.org/schema/beans/spring-beans-3.1.xsd=org/springframework/beans/factory/xml/spring-beans-3.1.xsd, http://www.springframework.org/schema/util/spring-util.xsd=org/springframework/beans/factory/xml/spring-util-4.3.xsd, http://www.springframework.org/schema/aop/spring-aop-3.0.xsd=org/springframework/aop/config/spring-aop-3.0.xsd, http://www.springframework.org/schema/mvc/spring-mvc-3.0.xsd=org/springframework/web/servlet/config/spring-mvc-3.0.xsd, http://www.springframework.org/schema/beans/spring-beans-4.0.xsd=org/springframework/beans/factory/xml/spring-beans-4.0.xsd, http://www.springframework.org/schema/beans/spring-beans.xsd=org/springframework/beans/factory/xml/spring-beans-4.3.xsd, http://www.springframework.org/schema/tx/spring-tx-3.1.xsd=org/springframework/transaction/config/spring-tx-3.1.xsd, http://www.springframework.org/schema/lang/spring-lang-3.0.xsd=org/springframework/scripting/config/spring-lang-3.0.xsd, http://www.springframework.org/schema/context/spring-context-2.5.xsd=org/springframework/context/config/spring-context-2.5.xsd, http://www.springframework.org/schema/context/spring-context-4.3.xsd=org/springframework/context/config/spring-context-4.3.xsd, http://www.springframework.org/schema/task/spring-task-4.0.xsd=org/springframework/scheduling/config/spring-task-4.0.xsd, http://www.springframework.org/schema/tool/spring-tool-3.0.xsd=org/springframework/beans/factory/xml/spring-tool-3.0.xsd, http://www.springframework.org/schema/tx/spring-tx-4.0.xsd=org/springframework/transaction/config/spring-tx-4.0.xsd, http://www.springframework.org/schema/aop/spring-aop-2.0.xsd=org/springframework/aop/config/spring-aop-2.0.xsd, http://www.springframework.org/schema/jee/spring-jee-3.0.xsd=org/springframework/ejb/config/spring-jee-3.0.xsd, http://www.springframework.org/schema/util/spring-util-4.1.xsd=org/springframework/beans/factory/xml/spring-util-4.1.xsd, http://www.springframework.org/schema/task/spring-task-3.1.xsd=org/springframework/scheduling/config/spring-task-3.1.xsd, http://www.springframework.org/schema/beans/spring-beans-3.0.xsd=org/springframework/beans/factory/xml/spring-beans-3.0.xsd, http://www.springframework.org/schema/jee/spring-jee.xsd=org/springframework/ejb/config/spring-jee-4.3.xsd, http://www.springframework.org/schema/aop/spring-aop-2.5.xsd=org/springframework/aop/config/spring-aop-2.5.xsd, http://www.springframework.org/schema/aop/spring-aop-4.3.xsd=org/springframework/aop/config/spring-aop-4.3.xsd, http://www.springframework.org/schema/lang/spring-lang-2.0.xsd=org/springframework/scripting/config/spring-lang-2.0.xsd, http://www.springframework.org/schema/jdbc/spring-jdbc-4.3.xsd=org/springframework/jdbc/config/spring-jdbc-4.3.xsd, http://www.springframework.org/schema/mvc/spring-mvc-4.3.xsd=org/springframework/web/servlet/config/spring-mvc-4.3.xsd, http://www.springframework.org/schema/util/spring-util-3.2.xsd=org/springframework/beans/factory/xml/spring-util-3.2.xsd, http://www.springframework.org/schema/task/spring-task.xsd=org/springframework/scheduling/config/spring-task-4.3.xsd, http://www.springframework.org/schema/tool/spring-tool-2.0.xsd=org/springframework/beans/factory/xml/spring-tool-2.0.xsd, http://www.springframework.org/schema/tx/spring-tx-3.0.xsd=org/springframework/transaction/config/spring-tx-3.0.xsd, http://www.springframework.org/schema/lang/spring-lang-2.5.xsd=org/springframework/scripting/config/spring-lang-2.5.xsd, http://www.springframework.org/schema/lang/spring-lang-4.3.xsd=org/springframework/scripting/config/spring-lang-4.3.xsd, http://www.springframework.org/schema/context/spring-context-4.2.xsd=org/springframework/context/config/spring-context-4.2.xsd, http://www.springframework.org/schema/jee/spring-jee-2.0.xsd=org/springframework/ejb/config/spring-jee-2.0.xsd, http://www.springframework.org/schema/tool/spring-tool-4.3.xsd=org/springframework/beans/factory/xml/spring-tool-4.3.xsd, http://www.springframework.org/schema/tool/spring-tool-2.5.xsd=org/springframework/beans/factory/xml/spring-tool-2.5.xsd, http://www.springframework.org/schema/jee/spring-jee-4.3.xsd=org/springframework/ejb/config/spring-jee-4.3.xsd, http://www.springframework.org/schema/jee/spring-jee-2.5.xsd=org/springframework/ejb/config/spring-jee-2.5.xsd, http://www.springframework.org/schema/util/spring-util-4.0.xsd=org/springframework/beans/factory/xml/spring-util-4.0.xsd, http://www.springframework.org/schema/task/spring-task-3.0.xsd=org/springframework/scheduling/config/spring-task-3.0.xsd, http://www.springframework.org/schema/cache/spring-cache-4.3.xsd=org/springframework/cache/config/spring-cache-4.3.xsd, http://www.springframework.org/schema/aop/spring-aop-4.2.xsd=org/springframework/aop/config/spring-aop-4.2.xsd, http://www.springframework.org/schema/lang/spring-lang.xsd=org/springframework/scripting/config/spring-lang-4.3.xsd, http://www.springframework.org/schema/context/spring-context-3.2.xsd=org/springframework/context/config/spring-context-3.2.xsd, http://www.springframework.org/schema/jdbc/spring-jdbc-4.2.xsd=org/springframework/jdbc/config/spring-jdbc-4.2.xsd, http://www.springframework.org/schema/mvc/spring-mvc-4.2.xsd=org/springframework/web/servlet/config/spring-mvc-4.2.xsd, http://www.springframework.org/schema/util/spring-util-3.1.xsd=org/springframework/beans/factory/xml/spring-util-3.1.xsd, http://www.springframework.org/schema/beans/spring-beans-2.0.xsd=org/springframework/beans/factory/xml/spring-beans-2.0.xsd, http://www.springframework.org/schema/cache/spring-cache.xsd=org/springframework/cache/config/spring-cache-4.3.xsd, http://www.springframework.org/schema/tx/spring-tx.xsd=org/springframework/transaction/config/spring-tx-4.3.xsd, http://www.springframework.org/schema/lang/spring-lang-4.2.xsd=org/springframework/scripting/config/spring-lang-4.2.xsd, http://www.springframework.org/schema/context/spring-context-4.1.xsd=org/springframework/context/config/spring-context-4.1.xsd, http://www.springframework.org/schema/beans/spring-beans-2.5.xsd=org/springframework/beans/factory/xml/spring-beans-2.5.xsd, http://www.springframework.org/schema/beans/spring-beans-4.3.xsd=org/springframework/beans/factory/xml/spring-beans-4.3.xsd, http://www.springframework.org/schema/tool/spring-tool-4.2.xsd=org/springframework/beans/factory/xml/spring-tool-4.2.xsd, http://www.springframework.org/schema/tx/spring-tx-2.0.xsd=org/springframework/transaction/config/spring-tx-2.0.xsd, http://www.springframework.org/schema/jee/spring-jee-4.2.xsd=org/springframework/ejb/config/spring-jee-4.2.xsd, http://www.springframework.org/schema/jdbc/spring-jdbc-3.2.xsd=org/springframework/jdbc/config/spring-jdbc-3.2.xsd, http://www.springframework.org/schema/task/spring-task-4.3.xsd=org/springframework/scheduling/config/spring-task-4.3.xsd, http://www.springframework.org/schema/aop/spring-aop.xsd=org/springframework/aop/config/spring-aop-4.3.xsd} 
[DEBUG][2017-02-07 11:30:13.381] Found XML schema [http://www.springframework.org/schema/beans/spring-beans.xsd] in classpath: org/springframework/beans/factory/xml/spring-beans-4.3.xsd 
[DEBUG][2017-02-07 11:30:13.408] Found XML schema [http://www.springframework.org/schema/context/spring-context.xsd] in classpath: org/springframework/context/config/spring-context-4.3.xsd 
[DEBUG][2017-02-07 11:30:13.414] Found XML schema [http://www.springframework.org/schema/tool/spring-tool-4.3.xsd] in classpath: org/springframework/beans/factory/xml/spring-tool-4.3.xsd 
[DEBUG][2017-02-07 11:30:13.422] Loading bean definitions 
[DEBUG][2017-02-07 11:30:13.431] Loaded NamespaceHandler mappings: {http://www.springframework.org/schema/p=org.springframework.beans.factory.xml.SimplePropertyNamespaceHandler, http://www.springframework.org/schema/mvc=org.springframework.web.servlet.config.MvcNamespaceHandler, http://www.springframework.org/schema/util=org.springframework.beans.factory.xml.UtilNamespaceHandler, http://www.springframework.org/schema/jee=org.springframework.ejb.config.JeeNamespaceHandler, http://www.springframework.org/schema/aop=org.springframework.aop.config.AopNamespaceHandler, http://www.springframework.org/schema/jdbc=org.springframework.jdbc.config.JdbcNamespaceHandler, http://www.springframework.org/schema/cache=org.springframework.cache.config.CacheNamespaceHandler, http://www.springframework.org/schema/c=org.springframework.beans.factory.xml.SimpleConstructorNamespaceHandler, http://www.springframework.org/schema/tx=org.springframework.transaction.config.TxNamespaceHandler, http://www.springframework.org/schema/task=org.springframework.scheduling.config.TaskNamespaceHandler, http://www.springframework.org/schema/lang=org.springframework.scripting.config.LangNamespaceHandler, http://www.springframework.org/schema/context=org.springframework.context.config.ContextNamespaceHandler} 
[DEBUG][2017-02-07 11:30:13.451] Resolved classpath location [com/mark/] to resources [URL [file:/F:/MyWorspace/SpringDemo/target/test-classes/com/mark/]] 
[DEBUG][2017-02-07 11:30:13.451] Looking for matching resources in directory tree [F:\MyWorspace\SpringDemo\target\test-classes\com\mark] 
[DEBUG][2017-02-07 11:30:13.451] Searching directory [F:\MyWorspace\SpringDemo\target\test-classes\com\mark] for files matching pattern [F:/MyWorspace/SpringDemo/target/test-classes/com/mark/**/*.class] 
[DEBUG][2017-02-07 11:30:13.453] Searching directory [F:\MyWorspace\SpringDemo\target\test-classes\com\mark\test] for files matching pattern [F:/MyWorspace/SpringDemo/target/test-classes/com/mark/**/*.class] 
[DEBUG][2017-02-07 11:30:13.455] Resolved location pattern [classpath*:com/mark/**/*.class] to resources [file [F:\MyWorspace\SpringDemo\target\test-classes\com\mark\test\TestDB.class]] 
[DEBUG][2017-02-07 11:30:13.496] Loaded 9 bean definitions from location pattern [classpath:applicationContext.xml] 
[INFO][2017-02-07 11:30:13.499] Refreshing org.springframework.context.support.GenericApplicationContext@4fc063f6: startup date [Tue Feb 07 11:30:13 CST 2017]; root of context hierarchy 
[DEBUG][2017-02-07 11:30:13.499] Bean factory for org.springframework.context.support.GenericApplicationContext@4fc063f6: org.springframework.beans.factory.support.DefaultListableBeanFactory@7a2d2309: defining beans [org.springframework.context.annotation.internalConfigurationAnnotationProcessor,org.springframework.context.annotation.internalAutowiredAnnotationProcessor,org.springframework.context.annotation.internalRequiredAnnotationProcessor,org.springframework.context.annotation.internalCommonAnnotationProcessor,org.springframework.context.event.internalEventListenerProcessor,org.springframework.context.event.internalEventListenerFactory,org.springframework.context.support.PropertySourcesPlaceholderConfigurer#0,dataSource,jdbcTemplate]; root of factory hierarchy 
[DEBUG][2017-02-07 11:30:13.523] Creating shared instance of singleton bean 'org.springframework.context.annotation.internalConfigurationAnnotationProcessor' 
[DEBUG][2017-02-07 11:30:13.523] Creating instance of bean 'org.springframework.context.annotation.internalConfigurationAnnotationProcessor' 
[DEBUG][2017-02-07 11:30:13.545] Eagerly caching bean 'org.springframework.context.annotation.internalConfigurationAnnotationProcessor' to allow for resolving potential circular references 
[DEBUG][2017-02-07 11:30:13.547] Finished creating instance of bean 'org.springframework.context.annotation.internalConfigurationAnnotationProcessor' 
[DEBUG][2017-02-07 11:30:13.567] Creating shared instance of singleton bean 'org.springframework.context.support.PropertySourcesPlaceholderConfigurer#0' 
[DEBUG][2017-02-07 11:30:13.567] Creating instance of bean 'org.springframework.context.support.PropertySourcesPlaceholderConfigurer#0' 
[DEBUG][2017-02-07 11:30:13.568] Eagerly caching bean 'org.springframework.context.support.PropertySourcesPlaceholderConfigurer#0' to allow for resolving potential circular references 
[DEBUG][2017-02-07 11:30:13.587] Resolved classpath location [jdbc.properties] to resources [URL [file:/F:/MyWorspace/SpringDemo/target/test-classes/jdbc.properties], URL [file:/F:/MyWorspace/SpringDemo/target/classes/jdbc.properties]] 
[DEBUG][2017-02-07 11:30:13.588] Finished creating instance of bean 'org.springframework.context.support.PropertySourcesPlaceholderConfigurer#0' 
[DEBUG][2017-02-07 11:30:13.588] Adding [environmentProperties] PropertySource with lowest search precedence 
[INFO][2017-02-07 11:30:13.588] Loading properties file from URL [file:/F:/MyWorspace/SpringDemo/target/test-classes/jdbc.properties] 
[INFO][2017-02-07 11:30:13.589] Loading properties file from URL [file:/F:/MyWorspace/SpringDemo/target/classes/jdbc.properties] 
[DEBUG][2017-02-07 11:30:13.589] Adding [localProperties] PropertySource with lowest search precedence 
[DEBUG][2017-02-07 11:30:13.591] Searching for key 'jdbc.url' in [environmentProperties] 
[DEBUG][2017-02-07 11:30:13.592] Searching for key 'jdbc.url' in [systemProperties] 
[DEBUG][2017-02-07 11:30:13.592] Searching for key 'jdbc.url' in [systemEnvironment] 
[DEBUG][2017-02-07 11:30:13.592] Could not find key 'jdbc.url' in any property source. Returning [null] 
[DEBUG][2017-02-07 11:30:13.592] Searching for key 'jdbc.url' in [localProperties] 
[DEBUG][2017-02-07 11:30:13.592] Found key 'jdbc.url' in [localProperties] with type [String] and value 'jdbc:mysql://localhost:3306/test?useUnicode=true&characterEncoding=UTF-8&zeroDateTimeBehavior=convertToNull&allowMultiQueries=true&autoReconnect=true&failOverReadOnly=false&autoReconnectForPools=true' 
[DEBUG][2017-02-07 11:30:13.594] Searching for key 'jdbc.driverClass' in [environmentProperties] 
[DEBUG][2017-02-07 11:30:13.594] Searching for key 'jdbc.driverClass' in [systemProperties] 
[DEBUG][2017-02-07 11:30:13.594] Searching for key 'jdbc.driverClass' in [systemEnvironment] 
[DEBUG][2017-02-07 11:30:13.594] Could not find key 'jdbc.driverClass' in any property source. Returning [null] 
[DEBUG][2017-02-07 11:30:13.594] Searching for key 'jdbc.driverClass' in [localProperties] 
[DEBUG][2017-02-07 11:30:13.594] Found key 'jdbc.driverClass' in [localProperties] with type [String] and value 'com.mysql.jdbc.Driver' 
[DEBUG][2017-02-07 11:30:13.595] Searching for key 'jdbc.username' in [environmentProperties] 
[DEBUG][2017-02-07 11:30:13.595] Searching for key 'jdbc.username' in [systemProperties] 
[DEBUG][2017-02-07 11:30:13.595] Searching for key 'jdbc.username' in [systemEnvironment] 
[DEBUG][2017-02-07 11:30:13.595] Could not find key 'jdbc.username' in any property source. Returning [null] 
[DEBUG][2017-02-07 11:30:13.595] Searching for key 'jdbc.username' in [localProperties] 
[DEBUG][2017-02-07 11:30:13.595] Found key 'jdbc.username' in [localProperties] with type [String] and value 'root' 
[DEBUG][2017-02-07 11:30:13.595] Searching for key 'jdbc.password' in [environmentProperties] 
[DEBUG][2017-02-07 11:30:13.596] Searching for key 'jdbc.password' in [systemProperties] 
[DEBUG][2017-02-07 11:30:13.596] Searching for key 'jdbc.password' in [systemEnvironment] 
[DEBUG][2017-02-07 11:30:13.596] Could not find key 'jdbc.password' in any property source. Returning [null] 
[DEBUG][2017-02-07 11:30:13.596] Searching for key 'jdbc.password' in [localProperties] 
[DEBUG][2017-02-07 11:30:13.596] Found key 'jdbc.password' in [localProperties] with type [String] and value 'root' 
[DEBUG][2017-02-07 11:30:13.598] Creating shared instance of singleton bean 'org.springframework.context.annotation.internalAutowiredAnnotationProcessor' 
[DEBUG][2017-02-07 11:30:13.598] Creating instance of bean 'org.springframework.context.annotation.internalAutowiredAnnotationProcessor' 
[DEBUG][2017-02-07 11:30:13.598] Eagerly caching bean 'org.springframework.context.annotation.internalAutowiredAnnotationProcessor' to allow for resolving potential circular references 
[DEBUG][2017-02-07 11:30:13.599] Finished creating instance of bean 'org.springframework.context.annotation.internalAutowiredAnnotationProcessor' 
[DEBUG][2017-02-07 11:30:13.599] Creating shared instance of singleton bean 'org.springframework.context.annotation.internalRequiredAnnotationProcessor' 
[DEBUG][2017-02-07 11:30:13.599] Creating instance of bean 'org.springframework.context.annotation.internalRequiredAnnotationProcessor' 
[DEBUG][2017-02-07 11:30:13.599] Eagerly caching bean 'org.springframework.context.annotation.internalRequiredAnnotationProcessor' to allow for resolving potential circular references 
[DEBUG][2017-02-07 11:30:13.599] Finished creating instance of bean 'org.springframework.context.annotation.internalRequiredAnnotationProcessor' 
[DEBUG][2017-02-07 11:30:13.600] Creating shared instance of singleton bean 'org.springframework.context.annotation.internalCommonAnnotationProcessor' 
[DEBUG][2017-02-07 11:30:13.600] Creating instance of bean 'org.springframework.context.annotation.internalCommonAnnotationProcessor' 
[DEBUG][2017-02-07 11:30:13.603] Eagerly caching bean 'org.springframework.context.annotation.internalCommonAnnotationProcessor' to allow for resolving potential circular references 
[DEBUG][2017-02-07 11:30:13.604] Finished creating instance of bean 'org.springframework.context.annotation.internalCommonAnnotationProcessor' 
[DEBUG][2017-02-07 11:30:13.604] Creating shared instance of singleton bean 'org.springframework.context.annotation.ConfigurationClassPostProcessor.importAwareProcessor' 
[DEBUG][2017-02-07 11:30:13.604] Creating instance of bean 'org.springframework.context.annotation.ConfigurationClassPostProcessor.importAwareProcessor' 
[DEBUG][2017-02-07 11:30:13.604] Eagerly caching bean 'org.springframework.context.annotation.ConfigurationClassPostProcessor.importAwareProcessor' to allow for resolving potential circular references 
[DEBUG][2017-02-07 11:30:13.604] Finished creating instance of bean 'org.springframework.context.annotation.ConfigurationClassPostProcessor.importAwareProcessor' 
[DEBUG][2017-02-07 11:30:13.604] Creating shared instance of singleton bean 'org.springframework.context.annotation.ConfigurationClassPostProcessor.enhancedConfigurationProcessor' 
[DEBUG][2017-02-07 11:30:13.604] Creating instance of bean 'org.springframework.context.annotation.ConfigurationClassPostProcessor.enhancedConfigurationProcessor' 
[DEBUG][2017-02-07 11:30:13.605] Eagerly caching bean 'org.springframework.context.annotation.ConfigurationClassPostProcessor.enhancedConfigurationProcessor' to allow for resolving potential circular references 
[DEBUG][2017-02-07 11:30:13.605] Finished creating instance of bean 'org.springframework.context.annotation.ConfigurationClassPostProcessor.enhancedConfigurationProcessor' 
[DEBUG][2017-02-07 11:30:13.607] Unable to locate MessageSource with name 'messageSource': using default [org.springframework.context.support.DelegatingMessageSource@4ea53333] 
[DEBUG][2017-02-07 11:30:13.610] Unable to locate ApplicationEventMulticaster with name 'applicationEventMulticaster': using default [org.springframework.context.event.SimpleApplicationEventMulticaster@5efbc9dc] 
[DEBUG][2017-02-07 11:30:13.611] Pre-instantiating singletons in org.springframework.beans.factory.support.DefaultListableBeanFactory@7a2d2309: defining beans [org.springframework.context.annotation.internalConfigurationAnnotationProcessor,org.springframework.context.annotation.internalAutowiredAnnotationProcessor,org.springframework.context.annotation.internalRequiredAnnotationProcessor,org.springframework.context.annotation.internalCommonAnnotationProcessor,org.springframework.context.event.internalEventListenerProcessor,org.springframework.context.event.internalEventListenerFactory,org.springframework.context.support.PropertySourcesPlaceholderConfigurer#0,dataSource,jdbcTemplate,org.springframework.context.annotation.ConfigurationClassPostProcessor.importAwareProcessor,org.springframework.context.annotation.ConfigurationClassPostProcessor.enhancedConfigurationProcessor]; root of factory hierarchy 
[DEBUG][2017-02-07 11:30:13.611] Returning cached instance of singleton bean 'org.springframework.context.annotation.internalConfigurationAnnotationProcessor' 
[DEBUG][2017-02-07 11:30:13.611] Returning cached instance of singleton bean 'org.springframework.context.annotation.internalAutowiredAnnotationProcessor' 
[DEBUG][2017-02-07 11:30:13.611] Returning cached instance of singleton bean 'org.springframework.context.annotation.internalRequiredAnnotationProcessor' 
[DEBUG][2017-02-07 11:30:13.611] Returning cached instance of singleton bean 'org.springframework.context.annotation.internalCommonAnnotationProcessor' 
[DEBUG][2017-02-07 11:30:13.611] Creating shared instance of singleton bean 'org.springframework.context.event.internalEventListenerProcessor' 
[DEBUG][2017-02-07 11:30:13.611] Creating instance of bean 'org.springframework.context.event.internalEventListenerProcessor' 
[DEBUG][2017-02-07 11:30:13.616] Eagerly caching bean 'org.springframework.context.event.internalEventListenerProcessor' to allow for resolving potential circular references 
[DEBUG][2017-02-07 11:30:13.620] Finished creating instance of bean 'org.springframework.context.event.internalEventListenerProcessor' 
[DEBUG][2017-02-07 11:30:13.620] Creating shared instance of singleton bean 'org.springframework.context.event.internalEventListenerFactory' 
[DEBUG][2017-02-07 11:30:13.620] Creating instance of bean 'org.springframework.context.event.internalEventListenerFactory' 
[DEBUG][2017-02-07 11:30:13.621] Eagerly caching bean 'org.springframework.context.event.internalEventListenerFactory' to allow for resolving potential circular references 
[DEBUG][2017-02-07 11:30:13.623] Finished creating instance of bean 'org.springframework.context.event.internalEventListenerFactory' 
[DEBUG][2017-02-07 11:30:13.623] Returning cached instance of singleton bean 'org.springframework.context.support.PropertySourcesPlaceholderConfigurer#0' 
[DEBUG][2017-02-07 11:30:13.623] Creating shared instance of singleton bean 'dataSource' 
[DEBUG][2017-02-07 11:30:13.623] Creating instance of bean 'dataSource' 
[DEBUG][2017-02-07 11:30:13.635] Eagerly caching bean 'dataSource' to allow for resolving potential circular references 
[DEBUG][2017-02-07 11:30:13.641] Finished creating instance of bean 'dataSource' 
[DEBUG][2017-02-07 11:30:13.641] Creating shared instance of singleton bean 'jdbcTemplate' 
[DEBUG][2017-02-07 11:30:13.641] Creating instance of bean 'jdbcTemplate' 
[DEBUG][2017-02-07 11:30:13.651] Eagerly caching bean 'jdbcTemplate' to allow for resolving potential circular references 
[DEBUG][2017-02-07 11:30:13.665] Returning cached instance of singleton bean 'dataSource' 
[DEBUG][2017-02-07 11:30:13.666] Invoking afterPropertiesSet() on bean with name 'jdbcTemplate' 
[DEBUG][2017-02-07 11:30:13.666] Finished creating instance of bean 'jdbcTemplate' 
[DEBUG][2017-02-07 11:30:13.666] Returning cached instance of singleton bean 'org.springframework.context.annotation.ConfigurationClassPostProcessor.importAwareProcessor' 
[DEBUG][2017-02-07 11:30:13.666] Returning cached instance of singleton bean 'org.springframework.context.annotation.ConfigurationClassPostProcessor.enhancedConfigurationProcessor' 
[DEBUG][2017-02-07 11:30:13.666] Returning cached instance of singleton bean 'org.springframework.context.event.internalEventListenerFactory' 
[DEBUG][2017-02-07 11:30:13.690] Unable to locate LifecycleProcessor with name 'lifecycleProcessor': using default [org.springframework.context.support.DefaultLifecycleProcessor@4e761850] 
[DEBUG][2017-02-07 11:30:13.691] Returning cached instance of singleton bean 'lifecycleProcessor' 
[DEBUG][2017-02-07 11:30:13.692] Searching for key 'spring.liveBeansView.mbeanDomain' in [systemProperties] 
[DEBUG][2017-02-07 11:30:13.692] Searching for key 'spring.liveBeansView.mbeanDomain' in [systemEnvironment] 
[DEBUG][2017-02-07 11:30:13.692] Could not find key 'spring.liveBeansView.mbeanDomain' in any property source. Returning [null] 
[DEBUG][2017-02-07 11:30:13.693] Storing ApplicationContext in cache under key [[MergedContextConfiguration@5f96c1d2 testClass = TestDB, locations = '{classpath:applicationContext.xml}', classes = '{}', contextInitializerClasses = '[]', activeProfiles = '{}', propertySourceLocations = '{}', propertySourceProperties = '{}', contextCustomizers = set[[empty]], contextLoader = 'org.springframework.test.context.support.DelegatingSmartContextLoader', parent = [null]]] 
[DEBUG][2017-02-07 11:30:13.693] Spring test ApplicationContext cache statistics: [DefaultContextCache@5620e147 size = 1, maxSize = 32, parentContextCount = 0, hitCount = 0, missCount = 1] 
[DEBUG][2017-02-07 11:30:13.696] Processing injected element of bean 'com.mark.test.TestDB': AutowiredFieldElement for private org.springframework.jdbc.core.JdbcTemplate com.mark.test.TestDB.jdbcTemplate 
[DEBUG][2017-02-07 11:30:13.701] Returning cached instance of singleton bean 'jdbcTemplate' 
[DEBUG][2017-02-07 11:30:13.701] Autowiring by type from bean name 'com.mark.test.TestDB' to bean named 'jdbcTemplate' 
[DEBUG][2017-02-07 11:30:13.704] Before test method: context [DefaultTestContext@3ddca028 testClass = TestDB, testInstance = com.mark.test.TestDB@6e983d8d, testMethod = testConn@TestDB, testException = [null], mergedContextConfiguration = [MergedContextConfiguration@5f96c1d2 testClass = TestDB, locations = '{classpath:applicationContext.xml}', classes = '{}', contextInitializerClasses = '[]', activeProfiles = '{}', propertySourceLocations = '{}', propertySourceProperties = '{}', contextCustomizers = set[[empty]], contextLoader = 'org.springframework.test.context.support.DelegatingSmartContextLoader', parent = [null]]], class annotated with @DirtiesContext [false] with mode [null], method annotated with @DirtiesContext [false] with mode [null]. 
[DEBUG][2017-02-07 11:30:13.708] Executing SQL query [SELECT SYSDATE() FROM DUAL] 
[DEBUG][2017-02-07 11:30:13.712] Fetching JDBC Connection from DataSource 
[DEBUG][2017-02-07 11:30:13.900] Returning JDBC Connection to DataSource 
[INFO][2017-02-07 11:30:13.901] execute sql success...,Today is:{SYSDATE()=2017-02-07 11:30:13.0} 
[DEBUG][2017-02-07 11:30:13.901] After test method: context [DefaultTestContext@3ddca028 testClass = TestDB, testInstance = com.mark.test.TestDB@6e983d8d, testMethod = testConn@TestDB, testException = [null], mergedContextConfiguration = [MergedContextConfiguration@5f96c1d2 testClass = TestDB, locations = '{classpath:applicationContext.xml}', classes = '{}', contextInitializerClasses = '[]', activeProfiles = '{}', propertySourceLocations = '{}', propertySourceProperties = '{}', contextCustomizers = set[[empty]], contextLoader = 'org.springframework.test.context.support.DelegatingSmartContextLoader', parent = [null]]], class annotated with @DirtiesContext [false] with mode [null], method annotated with @DirtiesContext [false] with mode [null]. 
[DEBUG][2017-02-07 11:30:13.902] After test class: context [DefaultTestContext@3ddca028 testClass = TestDB, testInstance = [null], testMethod = [null], testException = [null], mergedContextConfiguration = [MergedContextConfiguration@5f96c1d2 testClass = TestDB, locations = '{classpath:applicationContext.xml}', classes = '{}', contextInitializerClasses = '[]', activeProfiles = '{}', propertySourceLocations = '{}', propertySourceProperties = '{}', contextCustomizers = set[[empty]], contextLoader = 'org.springframework.test.context.support.DelegatingSmartContextLoader', parent = [null]]], class annotated with @DirtiesContext [false] with mode [null]. 
[INFO][2017-02-07 11:30:13.903] Closing org.springframework.context.support.GenericApplicationContext@4fc063f6: startup date [Tue Feb 07 11:30:13 CST 2017]; root of context hierarchy 
[DEBUG][2017-02-07 11:30:13.903] Returning cached instance of singleton bean 'lifecycleProcessor' 
[DEBUG][2017-02-07 11:30:13.904] Destroying singletons in org.springframework.beans.factory.support.DefaultListableBeanFactory@7a2d2309: defining beans [org.springframework.context.annotation.internalConfigurationAnnotationProcessor,org.springframework.context.annotation.internalAutowiredAnnotationProcessor,org.springframework.context.annotation.internalRequiredAnnotationProcessor,org.springframework.context.annotation.internalCommonAnnotationProcessor,org.springframework.context.event.internalEventListenerProcessor,org.springframework.context.event.internalEventListenerFactory,org.springframework.context.support.PropertySourcesPlaceholderConfigurer#0,dataSource,jdbcTemplate,org.springframework.context.annotation.ConfigurationClassPostProcessor.importAwareProcessor,org.springframework.context.annotation.ConfigurationClassPostProcessor.enhancedConfigurationProcessor]; root of factory hierarchy 
[DEBUG][2017-02-07 11:30:13.904] Retrieved dependent beans for bean 'dataSource': [jdbcTemplate] 
[DEBUG][2017-02-07 11:30:13.904] Retrieved dependent beans for bean 'jdbcTemplate': [com.mark.test.TestDB] 
[DEBUG][2017-02-07 11:30:13.904] Invoking destroy method 'close' on bean with name 'dataSource' 
[DEBUG][2017-02-07 11:30:52.632] SpringJUnit4ClassRunner constructor called with [class com.mark.test.TestDB] 
[DEBUG][2017-02-07 11:30:52.635] Instantiating CacheAwareContextLoaderDelegate from class [org.springframework.test.context.cache.DefaultCacheAwareContextLoaderDelegate] 
[DEBUG][2017-02-07 11:30:52.642] Instantiating BootstrapContext using constructor [public org.springframework.test.context.support.DefaultBootstrapContext(java.lang.Class,org.springframework.test.context.CacheAwareContextLoaderDelegate)] 
[DEBUG][2017-02-07 11:30:52.650] Instantiating TestContextBootstrapper for test class [com.mark.test.TestDB] from class [org.springframework.test.context.support.DefaultTestContextBootstrapper] 
[DEBUG][2017-02-07 11:30:52.672] Delegating to GenericXmlContextLoader to process context configuration [ContextConfigurationAttributes@3dd261e0 declaringClass = 'com.mark.test.TestDB', classes = '{}', locations = '{classpath:applicationContext.xml}', inheritLocations = true, initializers = '{}', inheritInitializers = true, name = [null], contextLoaderClass = 'org.springframework.test.context.ContextLoader']. 
[DEBUG][2017-02-07 11:30:52.684] Could not find an 'annotation declaring class' for annotation type [org.springframework.test.context.ActiveProfiles] and class [com.mark.test.TestDB] 
[DEBUG][2017-02-07 11:30:52.684] @TestExecutionListeners is not present for class [com.mark.test.TestDB]: using defaults. 
[INFO][2017-02-07 11:30:52.686] Loaded default TestExecutionListener class names from location [META-INF/spring.factories]: [org.springframework.test.context.web.ServletTestExecutionListener, org.springframework.test.context.support.DirtiesContextBeforeModesTestExecutionListener, org.springframework.test.context.support.DependencyInjectionTestExecutionListener, org.springframework.test.context.support.DirtiesContextTestExecutionListener, org.springframework.test.context.transaction.TransactionalTestExecutionListener, org.springframework.test.context.jdbc.SqlScriptsTestExecutionListener] 
[INFO][2017-02-07 11:30:52.690] Could not instantiate TestExecutionListener [org.springframework.test.context.web.ServletTestExecutionListener]. Specify custom listener classes or make the default listener classes (and their required dependencies) available. Offending class: [javax/servlet/ServletContext] 
[INFO][2017-02-07 11:30:52.699] Using TestExecutionListeners: [org.springframework.test.context.support.DirtiesContextBeforeModesTestExecutionListener@3d0c51ef, org.springframework.test.context.support.DependencyInjectionTestExecutionListener@73d74138, org.springframework.test.context.support.DirtiesContextTestExecutionListener@38fafef2, org.springframework.test.context.transaction.TransactionalTestExecutionListener@6677df17, org.springframework.test.context.jdbc.SqlScriptsTestExecutionListener@47d7938f] 
[DEBUG][2017-02-07 11:30:52.701] Retrieved @ProfileValueSourceConfiguration [null] for test class [com.mark.test.TestDB] 
[DEBUG][2017-02-07 11:30:52.701] Retrieved ProfileValueSource type [class org.springframework.test.annotation.SystemProfileValueSource] for class [com.mark.test.TestDB] 
[DEBUG][2017-02-07 11:30:52.711] Retrieved @ProfileValueSourceConfiguration [null] for test class [com.mark.test.TestDB] 
[DEBUG][2017-02-07 11:30:52.711] Retrieved ProfileValueSource type [class org.springframework.test.annotation.SystemProfileValueSource] for class [com.mark.test.TestDB] 
[DEBUG][2017-02-07 11:30:52.713] Retrieved @ProfileValueSourceConfiguration [null] for test class [com.mark.test.TestDB] 
[DEBUG][2017-02-07 11:30:52.713] Retrieved ProfileValueSource type [class org.springframework.test.annotation.SystemProfileValueSource] for class [com.mark.test.TestDB] 
[DEBUG][2017-02-07 11:30:52.713] Retrieved @ProfileValueSourceConfiguration [null] for test class [com.mark.test.TestDB] 
[DEBUG][2017-02-07 11:30:52.713] Retrieved ProfileValueSource type [class org.springframework.test.annotation.SystemProfileValueSource] for class [com.mark.test.TestDB] 
[DEBUG][2017-02-07 11:30:52.714] Before test class: context [DefaultTestContext@4a03c67e testClass = TestDB, testInstance = [null], testMethod = [null], testException = [null], mergedContextConfiguration = [MergedContextConfiguration@3ddca028 testClass = TestDB, locations = '{classpath:applicationContext.xml}', classes = '{}', contextInitializerClasses = '[]', activeProfiles = '{}', propertySourceLocations = '{}', propertySourceProperties = '{}', contextCustomizers = set[[empty]], contextLoader = 'org.springframework.test.context.support.DelegatingSmartContextLoader', parent = [null]]], class annotated with @DirtiesContext [false] with mode [null]. 
[DEBUG][2017-02-07 11:30:52.715] Retrieved @ProfileValueSourceConfiguration [null] for test class [com.mark.test.TestDB] 
[DEBUG][2017-02-07 11:30:52.715] Retrieved ProfileValueSource type [class org.springframework.test.annotation.SystemProfileValueSource] for class [com.mark.test.TestDB] 
[DEBUG][2017-02-07 11:30:52.722] Performing dependency injection for test context [[DefaultTestContext@4a03c67e testClass = TestDB, testInstance = com.mark.test.TestDB@6ff3cb0e, testMethod = [null], testException = [null], mergedContextConfiguration = [MergedContextConfiguration@3ddca028 testClass = TestDB, locations = '{classpath:applicationContext.xml}', classes = '{}', contextInitializerClasses = '[]', activeProfiles = '{}', propertySourceLocations = '{}', propertySourceProperties = '{}', contextCustomizers = set[[empty]], contextLoader = 'org.springframework.test.context.support.DelegatingSmartContextLoader', parent = [null]]]]. 
[DEBUG][2017-02-07 11:30:52.723] Delegating to GenericXmlContextLoader to load context from [MergedContextConfiguration@3ddca028 testClass = TestDB, locations = '{classpath:applicationContext.xml}', classes = '{}', contextInitializerClasses = '[]', activeProfiles = '{}', propertySourceLocations = '{}', propertySourceProperties = '{}', contextCustomizers = set[[empty]], contextLoader = 'org.springframework.test.context.support.DelegatingSmartContextLoader', parent = [null]]. 
[DEBUG][2017-02-07 11:30:52.723] Loading ApplicationContext for merged context configuration [[MergedContextConfiguration@3ddca028 testClass = TestDB, locations = '{classpath:applicationContext.xml}', classes = '{}', contextInitializerClasses = '[]', activeProfiles = '{}', propertySourceLocations = '{}', propertySourceProperties = '{}', contextCustomizers = set[[empty]], contextLoader = 'org.springframework.test.context.support.DelegatingSmartContextLoader', parent = [null]]]. 
[DEBUG][2017-02-07 11:30:52.793] Adding [systemProperties] PropertySource with lowest search precedence 
[DEBUG][2017-02-07 11:30:52.794] Adding [systemEnvironment] PropertySource with lowest search precedence 
[DEBUG][2017-02-07 11:30:52.794] Initialized StandardEnvironment with PropertySources [systemProperties,systemEnvironment] 
[INFO][2017-02-07 11:30:52.801] Loading XML bean definitions from class path resource [applicationContext.xml] 
[DEBUG][2017-02-07 11:30:52.812] Using JAXP provider [com.sun.org.apache.xerces.internal.jaxp.DocumentBuilderFactoryImpl] 
[DEBUG][2017-02-07 11:30:52.833] Loading schema mappings from [META-INF/spring.schemas] 
[DEBUG][2017-02-07 11:30:52.837] Loaded schema mappings: {http://www.springframework.org/schema/tx/spring-tx-4.3.xsd=org/springframework/transaction/config/spring-tx-4.3.xsd, http://www.springframework.org/schema/tx/spring-tx-2.5.xsd=org/springframework/transaction/config/spring-tx-2.5.xsd, http://www.springframework.org/schema/cache/spring-cache-4.2.xsd=org/springframework/cache/config/spring-cache-4.2.xsd, http://www.springframework.org/schema/aop/spring-aop-4.1.xsd=org/springframework/aop/config/spring-aop-4.1.xsd, http://www.springframework.org/schema/context/spring-context-3.1.xsd=org/springframework/context/config/spring-context-3.1.xsd, http://www.springframework.org/schema/jdbc/spring-jdbc-4.1.xsd=org/springframework/jdbc/config/spring-jdbc-4.1.xsd, http://www.springframework.org/schema/mvc/spring-mvc-4.1.xsd=org/springframework/web/servlet/config/spring-mvc-4.1.xsd, http://www.springframework.org/schema/util/spring-util-3.0.xsd=org/springframework/beans/factory/xml/spring-util-3.0.xsd, http://www.springframework.org/schema/tool/spring-tool.xsd=org/springframework/beans/factory/xml/spring-tool-4.3.xsd, http://www.springframework.org/schema/aop/spring-aop-3.2.xsd=org/springframework/aop/config/spring-aop-3.2.xsd, http://www.springframework.org/schema/lang/spring-lang-4.1.xsd=org/springframework/scripting/config/spring-lang-4.1.xsd, http://www.springframework.org/schema/context/spring-context-4.0.xsd=org/springframework/context/config/spring-context-4.0.xsd, http://www.springframework.org/schema/mvc/spring-mvc-3.2.xsd=org/springframework/web/servlet/config/spring-mvc-3.2.xsd, http://www.springframework.org/schema/beans/spring-beans-4.2.xsd=org/springframework/beans/factory/xml/spring-beans-4.2.xsd, http://www.springframework.org/schema/tool/spring-tool-4.1.xsd=org/springframework/beans/factory/xml/spring-tool-4.1.xsd, http://www.springframework.org/schema/lang/spring-lang-3.2.xsd=org/springframework/scripting/config/spring-lang-3.2.xsd, http://www.springframework.org/schema/cache/spring-cache-3.2.xsd=org/springframework/cache/config/spring-cache-3.2.xsd, http://www.springframework.org/schema/jee/spring-jee-4.1.xsd=org/springframework/ejb/config/spring-jee-4.1.xsd, http://www.springframework.org/schema/jdbc/spring-jdbc-3.1.xsd=org/springframework/jdbc/config/spring-jdbc-3.1.xsd, http://www.springframework.org/schema/util/spring-util-2.0.xsd=org/springframework/beans/factory/xml/spring-util-2.0.xsd, http://www.springframework.org/schema/task/spring-task-4.2.xsd=org/springframework/scheduling/config/spring-task-4.2.xsd, http://www.springframework.org/schema/tool/spring-tool-3.2.xsd=org/springframework/beans/factory/xml/spring-tool-3.2.xsd, http://www.springframework.org/schema/context/spring-context.xsd=org/springframework/context/config/spring-context-4.3.xsd, http://www.springframework.org/schema/tx/spring-tx-4.2.xsd=org/springframework/transaction/config/spring-tx-4.2.xsd, http://www.springframework.org/schema/cache/spring-cache-4.1.xsd=org/springframework/cache/config/spring-cache-4.1.xsd, http://www.springframework.org/schema/aop/spring-aop-4.0.xsd=org/springframework/aop/config/spring-aop-4.0.xsd, http://www.springframework.org/schema/jee/spring-jee-3.2.xsd=org/springframework/ejb/config/spring-jee-3.2.xsd, http://www.springframework.org/schema/context/spring-context-3.0.xsd=org/springframework/context/config/spring-context-3.0.xsd, http://www.springframework.org/schema/jdbc/spring-jdbc-4.0.xsd=org/springframework/jdbc/config/spring-jdbc-4.0.xsd, http://www.springframework.org/schema/mvc/spring-mvc-4.0.xsd=org/springframework/web/servlet/config/spring-mvc-4.0.xsd, http://www.springframework.org/schema/util/spring-util-4.3.xsd=org/springframework/beans/factory/xml/spring-util-4.3.xsd, http://www.springframework.org/schema/util/spring-util-2.5.xsd=org/springframework/beans/factory/xml/spring-util-2.5.xsd, http://www.springframework.org/schema/beans/spring-beans-3.2.xsd=org/springframework/beans/factory/xml/spring-beans-3.2.xsd, http://www.springframework.org/schema/aop/spring-aop-3.1.xsd=org/springframework/aop/config/spring-aop-3.1.xsd, http://www.springframework.org/schema/lang/spring-lang-4.0.xsd=org/springframework/scripting/config/spring-lang-4.0.xsd, http://www.springframework.org/schema/mvc/spring-mvc.xsd=org/springframework/web/servlet/config/spring-mvc-4.3.xsd, http://www.springframework.org/schema/mvc/spring-mvc-3.1.xsd=org/springframework/web/servlet/config/spring-mvc-3.1.xsd, http://www.springframework.org/schema/beans/spring-beans-4.1.xsd=org/springframework/beans/factory/xml/spring-beans-4.1.xsd, http://www.springframework.org/schema/tool/spring-tool-4.0.xsd=org/springframework/beans/factory/xml/spring-tool-4.0.xsd, http://www.springframework.org/schema/tx/spring-tx-3.2.xsd=org/springframework/transaction/config/spring-tx-3.2.xsd, http://www.springframework.org/schema/lang/spring-lang-3.1.xsd=org/springframework/scripting/config/spring-lang-3.1.xsd, http://www.springframework.org/schema/cache/spring-cache-3.1.xsd=org/springframework/cache/config/spring-cache-3.1.xsd, http://www.springframework.org/schema/jee/spring-jee-4.0.xsd=org/springframework/ejb/config/spring-jee-4.0.xsd, http://www.springframework.org/schema/jdbc/spring-jdbc-3.0.xsd=org/springframework/jdbc/config/spring-jdbc-3.0.xsd, http://www.springframework.org/schema/task/spring-task-4.1.xsd=org/springframework/scheduling/config/spring-task-4.1.xsd, http://www.springframework.org/schema/jdbc/spring-jdbc.xsd=org/springframework/jdbc/config/spring-jdbc-4.3.xsd, http://www.springframework.org/schema/tool/spring-tool-3.1.xsd=org/springframework/beans/factory/xml/spring-tool-3.1.xsd, http://www.springframework.org/schema/tx/spring-tx-4.1.xsd=org/springframework/transaction/config/spring-tx-4.1.xsd, http://www.springframework.org/schema/cache/spring-cache-4.0.xsd=org/springframework/cache/config/spring-cache-4.0.xsd, http://www.springframework.org/schema/jee/spring-jee-3.1.xsd=org/springframework/ejb/config/spring-jee-3.1.xsd, http://www.springframework.org/schema/util/spring-util-4.2.xsd=org/springframework/beans/factory/xml/spring-util-4.2.xsd, http://www.springframework.org/schema/task/spring-task-3.2.xsd=org/springframework/scheduling/config/spring-task-3.2.xsd, http://www.springframework.org/schema/beans/spring-beans-3.1.xsd=org/springframework/beans/factory/xml/spring-beans-3.1.xsd, http://www.springframework.org/schema/util/spring-util.xsd=org/springframework/beans/factory/xml/spring-util-4.3.xsd, http://www.springframework.org/schema/aop/spring-aop-3.0.xsd=org/springframework/aop/config/spring-aop-3.0.xsd, http://www.springframework.org/schema/mvc/spring-mvc-3.0.xsd=org/springframework/web/servlet/config/spring-mvc-3.0.xsd, http://www.springframework.org/schema/beans/spring-beans-4.0.xsd=org/springframework/beans/factory/xml/spring-beans-4.0.xsd, http://www.springframework.org/schema/beans/spring-beans.xsd=org/springframework/beans/factory/xml/spring-beans-4.3.xsd, http://www.springframework.org/schema/tx/spring-tx-3.1.xsd=org/springframework/transaction/config/spring-tx-3.1.xsd, http://www.springframework.org/schema/lang/spring-lang-3.0.xsd=org/springframework/scripting/config/spring-lang-3.0.xsd, http://www.springframework.org/schema/context/spring-context-2.5.xsd=org/springframework/context/config/spring-context-2.5.xsd, http://www.springframework.org/schema/context/spring-context-4.3.xsd=org/springframework/context/config/spring-context-4.3.xsd, http://www.springframework.org/schema/task/spring-task-4.0.xsd=org/springframework/scheduling/config/spring-task-4.0.xsd, http://www.springframework.org/schema/tool/spring-tool-3.0.xsd=org/springframework/beans/factory/xml/spring-tool-3.0.xsd, http://www.springframework.org/schema/tx/spring-tx-4.0.xsd=org/springframework/transaction/config/spring-tx-4.0.xsd, http://www.springframework.org/schema/aop/spring-aop-2.0.xsd=org/springframework/aop/config/spring-aop-2.0.xsd, http://www.springframework.org/schema/jee/spring-jee-3.0.xsd=org/springframework/ejb/config/spring-jee-3.0.xsd, http://www.springframework.org/schema/util/spring-util-4.1.xsd=org/springframework/beans/factory/xml/spring-util-4.1.xsd, http://www.springframework.org/schema/task/spring-task-3.1.xsd=org/springframework/scheduling/config/spring-task-3.1.xsd, http://www.springframework.org/schema/beans/spring-beans-3.0.xsd=org/springframework/beans/factory/xml/spring-beans-3.0.xsd, http://www.springframework.org/schema/jee/spring-jee.xsd=org/springframework/ejb/config/spring-jee-4.3.xsd, http://www.springframework.org/schema/aop/spring-aop-2.5.xsd=org/springframework/aop/config/spring-aop-2.5.xsd, http://www.springframework.org/schema/aop/spring-aop-4.3.xsd=org/springframework/aop/config/spring-aop-4.3.xsd, http://www.springframework.org/schema/lang/spring-lang-2.0.xsd=org/springframework/scripting/config/spring-lang-2.0.xsd, http://www.springframework.org/schema/jdbc/spring-jdbc-4.3.xsd=org/springframework/jdbc/config/spring-jdbc-4.3.xsd, http://www.springframework.org/schema/mvc/spring-mvc-4.3.xsd=org/springframework/web/servlet/config/spring-mvc-4.3.xsd, http://www.springframework.org/schema/util/spring-util-3.2.xsd=org/springframework/beans/factory/xml/spring-util-3.2.xsd, http://www.springframework.org/schema/task/spring-task.xsd=org/springframework/scheduling/config/spring-task-4.3.xsd, http://www.springframework.org/schema/tool/spring-tool-2.0.xsd=org/springframework/beans/factory/xml/spring-tool-2.0.xsd, http://www.springframework.org/schema/tx/spring-tx-3.0.xsd=org/springframework/transaction/config/spring-tx-3.0.xsd, http://www.springframework.org/schema/lang/spring-lang-2.5.xsd=org/springframework/scripting/config/spring-lang-2.5.xsd, http://www.springframework.org/schema/lang/spring-lang-4.3.xsd=org/springframework/scripting/config/spring-lang-4.3.xsd, http://www.springframework.org/schema/context/spring-context-4.2.xsd=org/springframework/context/config/spring-context-4.2.xsd, http://www.springframework.org/schema/jee/spring-jee-2.0.xsd=org/springframework/ejb/config/spring-jee-2.0.xsd, http://www.springframework.org/schema/tool/spring-tool-4.3.xsd=org/springframework/beans/factory/xml/spring-tool-4.3.xsd, http://www.springframework.org/schema/tool/spring-tool-2.5.xsd=org/springframework/beans/factory/xml/spring-tool-2.5.xsd, http://www.springframework.org/schema/jee/spring-jee-4.3.xsd=org/springframework/ejb/config/spring-jee-4.3.xsd, http://www.springframework.org/schema/jee/spring-jee-2.5.xsd=org/springframework/ejb/config/spring-jee-2.5.xsd, http://www.springframework.org/schema/util/spring-util-4.0.xsd=org/springframework/beans/factory/xml/spring-util-4.0.xsd, http://www.springframework.org/schema/task/spring-task-3.0.xsd=org/springframework/scheduling/config/spring-task-3.0.xsd, http://www.springframework.org/schema/cache/spring-cache-4.3.xsd=org/springframework/cache/config/spring-cache-4.3.xsd, http://www.springframework.org/schema/aop/spring-aop-4.2.xsd=org/springframework/aop/config/spring-aop-4.2.xsd, http://www.springframework.org/schema/lang/spring-lang.xsd=org/springframework/scripting/config/spring-lang-4.3.xsd, http://www.springframework.org/schema/context/spring-context-3.2.xsd=org/springframework/context/config/spring-context-3.2.xsd, http://www.springframework.org/schema/jdbc/spring-jdbc-4.2.xsd=org/springframework/jdbc/config/spring-jdbc-4.2.xsd, http://www.springframework.org/schema/mvc/spring-mvc-4.2.xsd=org/springframework/web/servlet/config/spring-mvc-4.2.xsd, http://www.springframework.org/schema/util/spring-util-3.1.xsd=org/springframework/beans/factory/xml/spring-util-3.1.xsd, http://www.springframework.org/schema/beans/spring-beans-2.0.xsd=org/springframework/beans/factory/xml/spring-beans-2.0.xsd, http://www.springframework.org/schema/cache/spring-cache.xsd=org/springframework/cache/config/spring-cache-4.3.xsd, http://www.springframework.org/schema/tx/spring-tx.xsd=org/springframework/transaction/config/spring-tx-4.3.xsd, http://www.springframework.org/schema/lang/spring-lang-4.2.xsd=org/springframework/scripting/config/spring-lang-4.2.xsd, http://www.springframework.org/schema/context/spring-context-4.1.xsd=org/springframework/context/config/spring-context-4.1.xsd, http://www.springframework.org/schema/beans/spring-beans-2.5.xsd=org/springframework/beans/factory/xml/spring-beans-2.5.xsd, http://www.springframework.org/schema/beans/spring-beans-4.3.xsd=org/springframework/beans/factory/xml/spring-beans-4.3.xsd, http://www.springframework.org/schema/tool/spring-tool-4.2.xsd=org/springframework/beans/factory/xml/spring-tool-4.2.xsd, http://www.springframework.org/schema/tx/spring-tx-2.0.xsd=org/springframework/transaction/config/spring-tx-2.0.xsd, http://www.springframework.org/schema/jee/spring-jee-4.2.xsd=org/springframework/ejb/config/spring-jee-4.2.xsd, http://www.springframework.org/schema/jdbc/spring-jdbc-3.2.xsd=org/springframework/jdbc/config/spring-jdbc-3.2.xsd, http://www.springframework.org/schema/task/spring-task-4.3.xsd=org/springframework/scheduling/config/spring-task-4.3.xsd, http://www.springframework.org/schema/aop/spring-aop.xsd=org/springframework/aop/config/spring-aop-4.3.xsd} 
[DEBUG][2017-02-07 11:30:52.842] Found XML schema [http://www.springframework.org/schema/beans/spring-beans.xsd] in classpath: org/springframework/beans/factory/xml/spring-beans-4.3.xsd 
[DEBUG][2017-02-07 11:30:52.875] Found XML schema [http://www.springframework.org/schema/context/spring-context.xsd] in classpath: org/springframework/context/config/spring-context-4.3.xsd 
[DEBUG][2017-02-07 11:30:52.880] Found XML schema [http://www.springframework.org/schema/tool/spring-tool-4.3.xsd] in classpath: org/springframework/beans/factory/xml/spring-tool-4.3.xsd 
[DEBUG][2017-02-07 11:30:52.889] Loading bean definitions 
[DEBUG][2017-02-07 11:30:52.898] Loaded NamespaceHandler mappings: {http://www.springframework.org/schema/p=org.springframework.beans.factory.xml.SimplePropertyNamespaceHandler, http://www.springframework.org/schema/mvc=org.springframework.web.servlet.config.MvcNamespaceHandler, http://www.springframework.org/schema/util=org.springframework.beans.factory.xml.UtilNamespaceHandler, http://www.springframework.org/schema/jee=org.springframework.ejb.config.JeeNamespaceHandler, http://www.springframework.org/schema/aop=org.springframework.aop.config.AopNamespaceHandler, http://www.springframework.org/schema/jdbc=org.springframework.jdbc.config.JdbcNamespaceHandler, http://www.springframework.org/schema/cache=org.springframework.cache.config.CacheNamespaceHandler, http://www.springframework.org/schema/c=org.springframework.beans.factory.xml.SimpleConstructorNamespaceHandler, http://www.springframework.org/schema/tx=org.springframework.transaction.config.TxNamespaceHandler, http://www.springframework.org/schema/task=org.springframework.scheduling.config.TaskNamespaceHandler, http://www.springframework.org/schema/lang=org.springframework.scripting.config.LangNamespaceHandler, http://www.springframework.org/schema/context=org.springframework.context.config.ContextNamespaceHandler} 
[DEBUG][2017-02-07 11:30:52.914] Resolved classpath location [com/mark/] to resources [URL [file:/F:/MyWorspace/SpringDemo/target/test-classes/com/mark/]] 
[DEBUG][2017-02-07 11:30:52.915] Looking for matching resources in directory tree [F:\MyWorspace\SpringDemo\target\test-classes\com\mark] 
[DEBUG][2017-02-07 11:30:52.915] Searching directory [F:\MyWorspace\SpringDemo\target\test-classes\com\mark] for files matching pattern [F:/MyWorspace/SpringDemo/target/test-classes/com/mark/**/*.class] 
[DEBUG][2017-02-07 11:30:52.917] Searching directory [F:\MyWorspace\SpringDemo\target\test-classes\com\mark\test] for files matching pattern [F:/MyWorspace/SpringDemo/target/test-classes/com/mark/**/*.class] 
[DEBUG][2017-02-07 11:30:52.918] Resolved location pattern [classpath*:com/mark/**/*.class] to resources [file [F:\MyWorspace\SpringDemo\target\test-classes\com\mark\test\TestDB.class]] 
[DEBUG][2017-02-07 11:30:52.957] Loaded 9 bean definitions from location pattern [classpath:applicationContext.xml] 
[INFO][2017-02-07 11:30:52.960] Refreshing org.springframework.context.support.GenericApplicationContext@43e09e6a: startup date [Tue Feb 07 11:30:52 CST 2017]; root of context hierarchy 
[DEBUG][2017-02-07 11:30:52.960] Bean factory for org.springframework.context.support.GenericApplicationContext@43e09e6a: org.springframework.beans.factory.support.DefaultListableBeanFactory@4e810bca: defining beans [org.springframework.context.annotation.internalConfigurationAnnotationProcessor,org.springframework.context.annotation.internalAutowiredAnnotationProcessor,org.springframework.context.annotation.internalRequiredAnnotationProcessor,org.springframework.context.annotation.internalCommonAnnotationProcessor,org.springframework.context.event.internalEventListenerProcessor,org.springframework.context.event.internalEventListenerFactory,org.springframework.context.support.PropertySourcesPlaceholderConfigurer#0,dataSource,jdbcTemplate]; root of factory hierarchy 
[DEBUG][2017-02-07 11:30:52.978] Creating shared instance of singleton bean 'org.springframework.context.annotation.internalConfigurationAnnotationProcessor' 
[DEBUG][2017-02-07 11:30:52.978] Creating instance of bean 'org.springframework.context.annotation.internalConfigurationAnnotationProcessor' 
[DEBUG][2017-02-07 11:30:52.989] Eagerly caching bean 'org.springframework.context.annotation.internalConfigurationAnnotationProcessor' to allow for resolving potential circular references 
[DEBUG][2017-02-07 11:30:52.992] Finished creating instance of bean 'org.springframework.context.annotation.internalConfigurationAnnotationProcessor' 
[DEBUG][2017-02-07 11:30:53.010] Creating shared instance of singleton bean 'org.springframework.context.support.PropertySourcesPlaceholderConfigurer#0' 
[DEBUG][2017-02-07 11:30:53.010] Creating instance of bean 'org.springframework.context.support.PropertySourcesPlaceholderConfigurer#0' 
[DEBUG][2017-02-07 11:30:53.010] Eagerly caching bean 'org.springframework.context.support.PropertySourcesPlaceholderConfigurer#0' to allow for resolving potential circular references 
[DEBUG][2017-02-07 11:30:53.025] Resolved classpath location [jdbc.properties] to resources [URL [file:/F:/MyWorspace/SpringDemo/target/test-classes/jdbc.properties], URL [file:/F:/MyWorspace/SpringDemo/target/classes/jdbc.properties]] 
[DEBUG][2017-02-07 11:30:53.026] Finished creating instance of bean 'org.springframework.context.support.PropertySourcesPlaceholderConfigurer#0' 
[DEBUG][2017-02-07 11:30:53.027] Adding [environmentProperties] PropertySource with lowest search precedence 
[INFO][2017-02-07 11:30:53.027] Loading properties file from URL [file:/F:/MyWorspace/SpringDemo/target/test-classes/jdbc.properties] 
[INFO][2017-02-07 11:30:53.027] Loading properties file from URL [file:/F:/MyWorspace/SpringDemo/target/classes/jdbc.properties] 
[DEBUG][2017-02-07 11:30:53.028] Adding [localProperties] PropertySource with lowest search precedence 
[DEBUG][2017-02-07 11:30:53.029] Searching for key 'jdbc.url' in [environmentProperties] 
[DEBUG][2017-02-07 11:30:53.030] Searching for key 'jdbc.url' in [systemProperties] 
[DEBUG][2017-02-07 11:30:53.030] Searching for key 'jdbc.url' in [systemEnvironment] 
[DEBUG][2017-02-07 11:30:53.030] Could not find key 'jdbc.url' in any property source. Returning [null] 
[DEBUG][2017-02-07 11:30:53.030] Searching for key 'jdbc.url' in [localProperties] 
[DEBUG][2017-02-07 11:30:53.030] Found key 'jdbc.url' in [localProperties] with type [String] and value 'jdbc:mysql://localhost:3306/test?useUnicode=true&characterEncoding=UTF-8&zeroDateTimeBehavior=convertToNull&allowMultiQueries=true&autoReconnect=true&failOverReadOnly=false&autoReconnectForPools=true' 
[DEBUG][2017-02-07 11:30:53.031] Searching for key 'jdbc.driverClass' in [environmentProperties] 
[DEBUG][2017-02-07 11:30:53.031] Searching for key 'jdbc.driverClass' in [systemProperties] 
[DEBUG][2017-02-07 11:30:53.031] Searching for key 'jdbc.driverClass' in [systemEnvironment] 
[DEBUG][2017-02-07 11:30:53.031] Could not find key 'jdbc.driverClass' in any property source. Returning [null] 
[DEBUG][2017-02-07 11:30:53.031] Searching for key 'jdbc.driverClass' in [localProperties] 
[DEBUG][2017-02-07 11:30:53.032] Found key 'jdbc.driverClass' in [localProperties] with type [String] and value 'com.mysql.jdbc.Driver' 
[DEBUG][2017-02-07 11:30:53.032] Searching for key 'jdbc.username' in [environmentProperties] 
[DEBUG][2017-02-07 11:30:53.032] Searching for key 'jdbc.username' in [systemProperties] 
[DEBUG][2017-02-07 11:30:53.032] Searching for key 'jdbc.username' in [systemEnvironment] 
[DEBUG][2017-02-07 11:30:53.032] Could not find key 'jdbc.username' in any property source. Returning [null] 
[DEBUG][2017-02-07 11:30:53.032] Searching for key 'jdbc.username' in [localProperties] 
[DEBUG][2017-02-07 11:30:53.032] Found key 'jdbc.username' in [localProperties] with type [String] and value 'root' 
[DEBUG][2017-02-07 11:30:53.032] Searching for key 'jdbc.password' in [environmentProperties] 
[DEBUG][2017-02-07 11:30:53.032] Searching for key 'jdbc.password' in [systemProperties] 
[DEBUG][2017-02-07 11:30:53.032] Searching for key 'jdbc.password' in [systemEnvironment] 
[DEBUG][2017-02-07 11:30:53.033] Could not find key 'jdbc.password' in any property source. Returning [null] 
[DEBUG][2017-02-07 11:30:53.033] Searching for key 'jdbc.password' in [localProperties] 
[DEBUG][2017-02-07 11:30:53.033] Found key 'jdbc.password' in [localProperties] with type [String] and value 'root' 
[DEBUG][2017-02-07 11:30:53.034] Creating shared instance of singleton bean 'org.springframework.context.annotation.internalAutowiredAnnotationProcessor' 
[DEBUG][2017-02-07 11:30:53.034] Creating instance of bean 'org.springframework.context.annotation.internalAutowiredAnnotationProcessor' 
[DEBUG][2017-02-07 11:30:53.035] Eagerly caching bean 'org.springframework.context.annotation.internalAutowiredAnnotationProcessor' to allow for resolving potential circular references 
[DEBUG][2017-02-07 11:30:53.035] Finished creating instance of bean 'org.springframework.context.annotation.internalAutowiredAnnotationProcessor' 
[DEBUG][2017-02-07 11:30:53.035] Creating shared instance of singleton bean 'org.springframework.context.annotation.internalRequiredAnnotationProcessor' 
[DEBUG][2017-02-07 11:30:53.035] Creating instance of bean 'org.springframework.context.annotation.internalRequiredAnnotationProcessor' 
[DEBUG][2017-02-07 11:30:53.036] Eagerly caching bean 'org.springframework.context.annotation.internalRequiredAnnotationProcessor' to allow for resolving potential circular references 
[DEBUG][2017-02-07 11:30:53.036] Finished creating instance of bean 'org.springframework.context.annotation.internalRequiredAnnotationProcessor' 
[DEBUG][2017-02-07 11:30:53.036] Creating shared instance of singleton bean 'org.springframework.context.annotation.internalCommonAnnotationProcessor' 
[DEBUG][2017-02-07 11:30:53.036] Creating instance of bean 'org.springframework.context.annotation.internalCommonAnnotationProcessor' 
[DEBUG][2017-02-07 11:30:53.040] Eagerly caching bean 'org.springframework.context.annotation.internalCommonAnnotationProcessor' to allow for resolving potential circular references 
[DEBUG][2017-02-07 11:30:53.040] Finished creating instance of bean 'org.springframework.context.annotation.internalCommonAnnotationProcessor' 
[DEBUG][2017-02-07 11:30:53.040] Creating shared instance of singleton bean 'org.springframework.context.annotation.ConfigurationClassPostProcessor.importAwareProcessor' 
[DEBUG][2017-02-07 11:30:53.040] Creating instance of bean 'org.springframework.context.annotation.ConfigurationClassPostProcessor.importAwareProcessor' 
[DEBUG][2017-02-07 11:30:53.040] Eagerly caching bean 'org.springframework.context.annotation.ConfigurationClassPostProcessor.importAwareProcessor' to allow for resolving potential circular references 
[DEBUG][2017-02-07 11:30:53.040] Finished creating instance of bean 'org.springframework.context.annotation.ConfigurationClassPostProcessor.importAwareProcessor' 
[DEBUG][2017-02-07 11:30:53.041] Creating shared instance of singleton bean 'org.springframework.context.annotation.ConfigurationClassPostProcessor.enhancedConfigurationProcessor' 
[DEBUG][2017-02-07 11:30:53.041] Creating instance of bean 'org.springframework.context.annotation.ConfigurationClassPostProcessor.enhancedConfigurationProcessor' 
[DEBUG][2017-02-07 11:30:53.041] Eagerly caching bean 'org.springframework.context.annotation.ConfigurationClassPostProcessor.enhancedConfigurationProcessor' to allow for resolving potential circular references 
[DEBUG][2017-02-07 11:30:53.041] Finished creating instance of bean 'org.springframework.context.annotation.ConfigurationClassPostProcessor.enhancedConfigurationProcessor' 
[DEBUG][2017-02-07 11:30:53.044] Unable to locate MessageSource with name 'messageSource': using default [org.springframework.context.support.DelegatingMessageSource@1ed56fe5] 
[DEBUG][2017-02-07 11:30:53.046] Unable to locate ApplicationEventMulticaster with name 'applicationEventMulticaster': using default [org.springframework.context.event.SimpleApplicationEventMulticaster@e7bc1f9] 
[DEBUG][2017-02-07 11:30:53.047] Pre-instantiating singletons in org.springframework.beans.factory.support.DefaultListableBeanFactory@4e810bca: defining beans [org.springframework.context.annotation.internalConfigurationAnnotationProcessor,org.springframework.context.annotation.internalAutowiredAnnotationProcessor,org.springframework.context.annotation.internalRequiredAnnotationProcessor,org.springframework.context.annotation.internalCommonAnnotationProcessor,org.springframework.context.event.internalEventListenerProcessor,org.springframework.context.event.internalEventListenerFactory,org.springframework.context.support.PropertySourcesPlaceholderConfigurer#0,dataSource,jdbcTemplate,org.springframework.context.annotation.ConfigurationClassPostProcessor.importAwareProcessor,org.springframework.context.annotation.ConfigurationClassPostProcessor.enhancedConfigurationProcessor]; root of factory hierarchy 
[DEBUG][2017-02-07 11:30:53.047] Returning cached instance of singleton bean 'org.springframework.context.annotation.internalConfigurationAnnotationProcessor' 
[DEBUG][2017-02-07 11:30:53.047] Returning cached instance of singleton bean 'org.springframework.context.annotation.internalAutowiredAnnotationProcessor' 
[DEBUG][2017-02-07 11:30:53.047] Returning cached instance of singleton bean 'org.springframework.context.annotation.internalRequiredAnnotationProcessor' 
[DEBUG][2017-02-07 11:30:53.047] Returning cached instance of singleton bean 'org.springframework.context.annotation.internalCommonAnnotationProcessor' 
[DEBUG][2017-02-07 11:30:53.047] Creating shared instance of singleton bean 'org.springframework.context.event.internalEventListenerProcessor' 
[DEBUG][2017-02-07 11:30:53.047] Creating instance of bean 'org.springframework.context.event.internalEventListenerProcessor' 
[DEBUG][2017-02-07 11:30:53.052] Eagerly caching bean 'org.springframework.context.event.internalEventListenerProcessor' to allow for resolving potential circular references 
[DEBUG][2017-02-07 11:30:53.055] Finished creating instance of bean 'org.springframework.context.event.internalEventListenerProcessor' 
[DEBUG][2017-02-07 11:30:53.055] Creating shared instance of singleton bean 'org.springframework.context.event.internalEventListenerFactory' 
[DEBUG][2017-02-07 11:30:53.055] Creating instance of bean 'org.springframework.context.event.internalEventListenerFactory' 
[DEBUG][2017-02-07 11:30:53.056] Eagerly caching bean 'org.springframework.context.event.internalEventListenerFactory' to allow for resolving potential circular references 
[DEBUG][2017-02-07 11:30:53.058] Finished creating instance of bean 'org.springframework.context.event.internalEventListenerFactory' 
[DEBUG][2017-02-07 11:30:53.058] Returning cached instance of singleton bean 'org.springframework.context.support.PropertySourcesPlaceholderConfigurer#0' 
[DEBUG][2017-02-07 11:30:53.058] Creating shared instance of singleton bean 'dataSource' 
[DEBUG][2017-02-07 11:30:53.058] Creating instance of bean 'dataSource' 
[DEBUG][2017-02-07 11:30:53.070] Eagerly caching bean 'dataSource' to allow for resolving potential circular references 
[DEBUG][2017-02-07 11:30:53.074] Finished creating instance of bean 'dataSource' 
[DEBUG][2017-02-07 11:30:53.074] Creating shared instance of singleton bean 'jdbcTemplate' 
[DEBUG][2017-02-07 11:30:53.074] Creating instance of bean 'jdbcTemplate' 
[DEBUG][2017-02-07 11:30:53.083] Eagerly caching bean 'jdbcTemplate' to allow for resolving potential circular references 
[DEBUG][2017-02-07 11:30:53.096] Returning cached instance of singleton bean 'dataSource' 
[DEBUG][2017-02-07 11:30:53.096] Invoking afterPropertiesSet() on bean with name 'jdbcTemplate' 
[DEBUG][2017-02-07 11:30:53.096] Finished creating instance of bean 'jdbcTemplate' 
[DEBUG][2017-02-07 11:30:53.097] Returning cached instance of singleton bean 'org.springframework.context.annotation.ConfigurationClassPostProcessor.importAwareProcessor' 
[DEBUG][2017-02-07 11:30:53.097] Returning cached instance of singleton bean 'org.springframework.context.annotation.ConfigurationClassPostProcessor.enhancedConfigurationProcessor' 
[DEBUG][2017-02-07 11:30:53.097] Returning cached instance of singleton bean 'org.springframework.context.event.internalEventListenerFactory' 
[DEBUG][2017-02-07 11:30:53.122] Unable to locate LifecycleProcessor with name 'lifecycleProcessor': using default [org.springframework.context.support.DefaultLifecycleProcessor@3ba8e971] 
[DEBUG][2017-02-07 11:30:53.122] Returning cached instance of singleton bean 'lifecycleProcessor' 
[DEBUG][2017-02-07 11:30:53.124] Searching for key 'spring.liveBeansView.mbeanDomain' in [systemProperties] 
[DEBUG][2017-02-07 11:30:53.124] Searching for key 'spring.liveBeansView.mbeanDomain' in [systemEnvironment] 
[DEBUG][2017-02-07 11:30:53.124] Could not find key 'spring.liveBeansView.mbeanDomain' in any property source. Returning [null] 
[DEBUG][2017-02-07 11:30:53.125] Storing ApplicationContext in cache under key [[MergedContextConfiguration@3ddca028 testClass = TestDB, locations = '{classpath:applicationContext.xml}', classes = '{}', contextInitializerClasses = '[]', activeProfiles = '{}', propertySourceLocations = '{}', propertySourceProperties = '{}', contextCustomizers = set[[empty]], contextLoader = 'org.springframework.test.context.support.DelegatingSmartContextLoader', parent = [null]]] 
[DEBUG][2017-02-07 11:30:53.125] Spring test ApplicationContext cache statistics: [DefaultContextCache@62170848 size = 1, maxSize = 32, parentContextCount = 0, hitCount = 0, missCount = 1] 
[DEBUG][2017-02-07 11:30:53.128] Processing injected element of bean 'com.mark.test.TestDB': AutowiredFieldElement for private org.springframework.jdbc.core.JdbcTemplate com.mark.test.TestDB.jdbcTemplate 
[DEBUG][2017-02-07 11:30:53.131] Returning cached instance of singleton bean 'jdbcTemplate' 
[DEBUG][2017-02-07 11:30:53.131] Autowiring by type from bean name 'com.mark.test.TestDB' to bean named 'jdbcTemplate' 
[DEBUG][2017-02-07 11:30:53.133] Before test method: context [DefaultTestContext@4a03c67e testClass = TestDB, testInstance = com.mark.test.TestDB@6ff3cb0e, testMethod = testConn@TestDB, testException = [null], mergedContextConfiguration = [MergedContextConfiguration@3ddca028 testClass = TestDB, locations = '{classpath:applicationContext.xml}', classes = '{}', contextInitializerClasses = '[]', activeProfiles = '{}', propertySourceLocations = '{}', propertySourceProperties = '{}', contextCustomizers = set[[empty]], contextLoader = 'org.springframework.test.context.support.DelegatingSmartContextLoader', parent = [null]]], class annotated with @DirtiesContext [false] with mode [null], method annotated with @DirtiesContext [false] with mode [null]. 
[DEBUG][2017-02-07 11:30:53.136] Executing SQL query [SELECT SYSDATE() FROM DUAL] 
[DEBUG][2017-02-07 11:30:53.139] Fetching JDBC Connection from DataSource 
[DEBUG][2017-02-07 11:30:53.316] Returning JDBC Connection to DataSource 
[WARN][2017-02-07 11:30:53.316] execute sql success,Today is:{SYSDATE()=2017-02-07 11:30:53.0} 
[DEBUG][2017-02-07 11:30:53.317] After test method: context [DefaultTestContext@4a03c67e testClass = TestDB, testInstance = com.mark.test.TestDB@6ff3cb0e, testMethod = testConn@TestDB, testException = [null], mergedContextConfiguration = [MergedContextConfiguration@3ddca028 testClass = TestDB, locations = '{classpath:applicationContext.xml}', classes = '{}', contextInitializerClasses = '[]', activeProfiles = '{}', propertySourceLocations = '{}', propertySourceProperties = '{}', contextCustomizers = set[[empty]], contextLoader = 'org.springframework.test.context.support.DelegatingSmartContextLoader', parent = [null]]], class annotated with @DirtiesContext [false] with mode [null], method annotated with @DirtiesContext [false] with mode [null]. 
[DEBUG][2017-02-07 11:30:53.318] After test class: context [DefaultTestContext@4a03c67e testClass = TestDB, testInstance = [null], testMethod = [null], testException = [null], mergedContextConfiguration = [MergedContextConfiguration@3ddca028 testClass = TestDB, locations = '{classpath:applicationContext.xml}', classes = '{}', contextInitializerClasses = '[]', activeProfiles = '{}', propertySourceLocations = '{}', propertySourceProperties = '{}', contextCustomizers = set[[empty]], contextLoader = 'org.springframework.test.context.support.DelegatingSmartContextLoader', parent = [null]]], class annotated with @DirtiesContext [false] with mode [null]. 
[INFO][2017-02-07 11:30:53.319] Closing org.springframework.context.support.GenericApplicationContext@43e09e6a: startup date [Tue Feb 07 11:30:52 CST 2017]; root of context hierarchy 
[DEBUG][2017-02-07 11:30:53.319] Returning cached instance of singleton bean 'lifecycleProcessor' 
[DEBUG][2017-02-07 11:30:53.319] Destroying singletons in org.springframework.beans.factory.support.DefaultListableBeanFactory@4e810bca: defining beans [org.springframework.context.annotation.internalConfigurationAnnotationProcessor,org.springframework.context.annotation.internalAutowiredAnnotationProcessor,org.springframework.context.annotation.internalRequiredAnnotationProcessor,org.springframework.context.annotation.internalCommonAnnotationProcessor,org.springframework.context.event.internalEventListenerProcessor,org.springframework.context.event.internalEventListenerFactory,org.springframework.context.support.PropertySourcesPlaceholderConfigurer#0,dataSource,jdbcTemplate,org.springframework.context.annotation.ConfigurationClassPostProcessor.importAwareProcessor,org.springframework.context.annotation.ConfigurationClassPostProcessor.enhancedConfigurationProcessor]; root of factory hierarchy 
[DEBUG][2017-02-07 11:30:53.319] Retrieved dependent beans for bean 'dataSource': [jdbcTemplate] 
[DEBUG][2017-02-07 11:30:53.319] Retrieved dependent beans for bean 'jdbcTemplate': [com.mark.test.TestDB] 
[DEBUG][2017-02-07 11:30:53.319] Invoking destroy method 'close' on bean with name 'dataSource' 
